<?xml version="1.0" encoding="utf-8"?><testsuites name="pytest tests"><testsuite name="pytest" errors="0" failures="0" skipped="0" tests="14" time="6.946" timestamp="2026-03-14T09:29:23.775417+00:00" hostname="agent-env-977bd903-765d-4932-b2e0-32c4d31afc41"><testcase classname="backend.tests.test_engineops_api.TestHealthAndBasics" name="test_health_endpoint" time="0.575" /><testcase classname="backend.tests.test_engineops_api.TestHealthAndBasics" name="test_root_endpoint" time="0.555" /><testcase classname="backend.tests.test_engineops_api.TestPartnerStatus" name="test_partner_status_returns_all_5_partners" time="0.414" /><testcase classname="backend.tests.test_engineops_api.TestPartnerStatus" name="test_partner_status_correct_names" time="0.438" /><testcase classname="backend.tests.test_engineops_api.TestMCPEndpoint" name="test_mcp_endpoint_returns_server_info" time="0.455" /><testcase classname="backend.tests.test_engineops_api.TestProjectsEndpoints" name="test_list_projects" time="0.441" /><testcase classname="backend.tests.test_engineops_api.TestProjectsEndpoints" name="test_get_specific_project" time="0.423" /><testcase classname="backend.tests.test_engineops_api.TestPipelineRuns" name="test_list_pipeline_runs" time="0.426" /><testcase classname="backend.tests.test_engineops_api.TestPipelineRuns" name="test_bugfix_pipeline_has_8_steps" time="0.421" /><testcase classname="backend.tests.test_engineops_api.TestPipelineRuns" name="test_bugfix_pipeline_result_has_partner_badges" time="0.450" /><testcase classname="backend.tests.test_engineops_api.TestPipelineRuns" name="test_bugfix_gearsec_result" time="0.429" /><testcase classname="backend.tests.test_engineops_api.TestS2AuditTrail" name="test_audit_trail_returns_records" time="0.975" /><testcase classname="backend.tests.test_engineops_api.TestDemoEndpoint" name="test_demo_endpoint_accepts_post" time="0.418" /><testcase classname="backend.tests.test_engineops_api.TestStatsEndpoint" name="test_stats_endpoint" time="0.409" /></testsuite></testsuites>